T1E0C 11263:521 SEGGER J-Link V4.98e Log File (0000ms, 51535ms total)
T1E0C 11263:521 DLL Compiled: May  5 2015 11:00:52 (0000ms, 51535ms total)
T1E0C 11263:521 Logging started @ 2016-09-01 22:28 (0000ms, 51535ms total)
T1E0C 11263:538 JLINK_ExecCommand("Device = AT91SAM4SD32C", ...)Device "ATSAM4SD32C" selected.  returns 0x00 (0000ms, 51535ms total)
T1E0C 11263:681 JLINK_ExecCommand("ProjectFile = T:\12.01661-6\09.00393-2\Entregas\20-UART\20-UART\jlink.config", ...)  returns 0x00 (0000ms, 51535ms total)
T1E0C 11263:694 JLINK_ExecCommand("Device = AT91SAM4SD32C", ...)Device "ATSAM4SD32C" selected.  returns 0x00 (0001ms, 51536ms total)
T1E0C 11263:695 JLINK_TIF_Select(JLINKARM_TIF_JTAG)  returns 0x00 (0002ms, 51538ms total)
T1E0C 11263:697 JLINK_GetIdData(...) >0x2F8 JTAG>TotalIRLen = 4, IRPrint = 0x01 >0x30 JTAG> >0x210 JTAG> >0x70 JTAG> >0x40 JTAG> >0x40 JTAG> >0x40 JTAG> >0x48 JTAG> >0x78 JTAG> >0x40 JTAG> >0x30 JTAG> >0x40 JTAG> >0x40 JTAG> >0x30 JTAG> >0x40 JTAG> >0x48 JTAG>Found Cortex-M4 r0p1, Little endian. -- CPU_WriteMem(4 bytes @ 0xE0002000) -- CPU_ReadMem(4 bytes @ 0xE000EDF0) -- CPU_WriteMem(4 bytes @ 0xE000EDF0) -- CPU_ReadMem(4 bytes @ 0xE0002000)FPUnit: 6 code (BP) slots and 2 literal slots
 -- CPU_ReadMem(4 bytes @ 0xE000EDFC) -- CPU_WriteMem(4 bytes @ 0xE000EDFC) -- CPU_ReadMem(4 bytes @ 0xE0001000) -- CPU_WriteMem(4 bytes @ 0xE0001000) -- CPU_ReadMem(4 bytes @ 0xE000ED88) -- CPU_WriteMem(4 bytes @ 0xE000ED88) -- CPU_ReadMem(4 bytes @ 0xE000ED88) -- CPU_WriteMem(4 bytes @ 0xE000ED88)CoreSight components:ROMTbl 0 @ E00FF000 -- CPU_ReadMem(16 bytes @ 0xE00FF000) -- CPU_ReadMem(16 bytes @ 0xE000EFF0) -- CPU_ReadMem(16 bytes @ 0xE000EFE0)
ROMTbl 0 [0]: FFF0F000, CID: B105E00D, PID: 000BB000 SCS -- CPU_ReadMem(16 bytes @ 0xE0001FF0) -- CPU_ReadMem(16 bytes @ 0xE0001FE0)ROMTbl 0 [1]: FFF02000, CID: B105E00D, PID: 003BB002 DWT -- CPU_ReadMem(16 bytes @ 0xE0002FF0) -- CPU_ReadMem(16 bytes @ 0xE0002FE0)ROMTbl 0 [2]: FFF03000, CID: B105E00D, PID: 002BB003 FPB -- CPU_ReadMem(16 bytes @ 0xE0000FF0) -- CPU_ReadMem(16 bytes @ 0xE0000FE0)ROMTbl 0 [3]: FFF01000, CID: B105E00D, PID: 003BB001 ITM -- CPU_ReadMem(16 bytes @ 0xE00FF010)
 -- CPU_ReadMem(16 bytes @ 0xE0040FF0) -- CPU_ReadMem(16 bytes @ 0xE0040FE0)ROMTbl 0 [4]: FFF41000, CID: B105900D, PID: 000BB9A1 TPIU ScanLen=4 NumDevices=1 aId[0]=0x4BA00477 aIrRead[0]=0 aScanLen[0]=0 aScanRead[0]=0 (0040ms, 51578ms total)
T1E0C 11263:737 JLINK_ConfigJTAG(IRPre = 0, DRPre = 0) (0000ms, 51578ms total)
T1E0C 11263:737 JLINK_SetSpeed(1000) (0001ms, 51579ms total)
T1E0C 11263:738 JLINK_ResetPullsRESET(OFF) (0000ms, 51579ms total)
T1E0C 11263:738 JLINK_Connect() >0x2F8 JTAG>TotalIRLen = 4, IRPrint = 0x01 >0x30 JTAG> >0x210 JTAG> >0x70 JTAG> >0x40 JTAG> >0x40 JTAG> >0x40 JTAG> >0x48 JTAG> >0x78 JTAG> >0x40 JTAG> >0x30 JTAG> >0x40 JTAG> >0x40 JTAG> >0x30 JTAG> >0x40 JTAG> >0x48 JTAG>Found Cortex-M4 r0p1, Little endian. -- CPU_WriteMem(4 bytes @ 0xE0002000) -- CPU_ReadMem(4 bytes @ 0xE000EDF0) -- CPU_ReadMem(4 bytes @ 0xE0002000)FPUnit: 6 code (BP) slots and 2 literal slots -- CPU_ReadMem(4 bytes @ 0xE000EDFC)
 -- CPU_ReadMem(4 bytes @ 0xE0001000) -- CPU_WriteMem(4 bytes @ 0xE0001000) -- CPU_ReadMem(4 bytes @ 0xE000ED88) -- CPU_WriteMem(4 bytes @ 0xE000ED88) -- CPU_ReadMem(4 bytes @ 0xE000ED88) -- CPU_WriteMem(4 bytes @ 0xE000ED88)CoreSight components:ROMTbl 0 @ E00FF000 -- CPU_ReadMem(16 bytes @ 0xE00FF000) -- CPU_ReadMem(16 bytes @ 0xE000EFF0) -- CPU_ReadMem(16 bytes @ 0xE000EFE0)ROMTbl 0 [0]: FFF0F000, CID: B105E00D, PID: 000BB000 SCS -- CPU_ReadMem(16 bytes @ 0xE0001FF0)
 -- CPU_ReadMem(16 bytes @ 0xE0001FE0)ROMTbl 0 [1]: FFF02000, CID: B105E00D, PID: 003BB002 DWT -- CPU_ReadMem(16 bytes @ 0xE0002FF0) -- CPU_ReadMem(16 bytes @ 0xE0002FE0)ROMTbl 0 [2]: FFF03000, CID: B105E00D, PID: 002BB003 FPB -- CPU_ReadMem(16 bytes @ 0xE0000FF0) -- CPU_ReadMem(16 bytes @ 0xE0000FE0)ROMTbl 0 [3]: FFF01000, CID: B105E00D, PID: 003BB001 ITM -- CPU_ReadMem(16 bytes @ 0xE00FF010) -- CPU_ReadMem(16 bytes @ 0xE0040FF0) -- CPU_ReadMem(16 bytes @ 0xE0040FE0)
ROMTbl 0 [4]: FFF41000, CID: B105900D, PID: 000BB9A1 TPIU  returns 0x00 (0037ms, 51616ms total)
T1E0C 11263:775 JLINK_GetDebugInfo(0x100) -- Value=0xE00FF003  returns 0x00 (0000ms, 51616ms total)
T1E0C 11263:775 JLINK_ReadMem (0xE00FFFF0, 0x0010 Bytes, ...) -- CPU is running -- CPU_ReadMem(16 bytes @ 0xE00FFFF0) - Data: 0D 00 00 00 10 00 00 00 05 00 00 00 B1 00 00 00  returns 0x00 (0002ms, 51618ms total)
T1E0C 11263:777 JLINK_ReadMem (0xE00FFFD0, 0x0020 Bytes, ...) -- CPU is running -- CPU_ReadMem(32 bytes @ 0xE00FFFD0) - Data: 04 00 00 00 00 00 00 00 00 00 00 00 00 00 00 00 ...  returns 0x00 (0001ms, 51619ms total)
T1E0C 11263:778 JLINK_ReadMemU32(0xE00FF000, 0x0001 Items, ...) -- CPU is running -- CPU_ReadMem(4 bytes @ 0xE00FF000) - Data: 03 F0 F0 FF  returns 0x01 (0002ms, 51621ms total)
T1E0C 11263:780 JLINK_ReadMem (0xE000EFF0, 0x0010 Bytes, ...) -- CPU is running -- CPU_ReadMem(16 bytes @ 0xE000EFF0) - Data: 0D 00 00 00 E0 00 00 00 05 00 00 00 B1 00 00 00  returns 0x00 (0001ms, 51622ms total)
T1E0C 11263:781 JLINK_ReadMem (0xE000EFD0, 0x0020 Bytes, ...) -- CPU is running -- CPU_ReadMem(32 bytes @ 0xE000EFD0) - Data: 04 00 00 00 00 00 00 00 00 00 00 00 00 00 00 00 ...  returns 0x00 (0001ms, 51623ms total)
T1E0C 11263:782 JLINK_ReadMemU32(0xE00FF004, 0x0001 Items, ...) -- CPU is running -- CPU_ReadMem(4 bytes @ 0xE00FF004) - Data: 03 20 F0 FF  returns 0x01 (0002ms, 51625ms total)
T1E0C 11263:784 JLINK_ReadMem (0xE0001FF0, 0x0010 Bytes, ...) -- CPU is running -- CPU_ReadMem(16 bytes @ 0xE0001FF0) - Data: 0D 00 00 00 E0 00 00 00 05 00 00 00 B1 00 00 00  returns 0x00 (0001ms, 51626ms total)
T1E0C 11263:785 JLINK_ReadMem (0xE0001FD0, 0x0020 Bytes, ...) -- CPU is running -- CPU_ReadMem(32 bytes @ 0xE0001FD0) - Data: 04 00 00 00 00 00 00 00 00 00 00 00 00 00 00 00 ...  returns 0x00 (0001ms, 51627ms total)
T1E0C 11263:786 JLINK_ReadMemU32(0xE00FF008, 0x0001 Items, ...) -- CPU is running -- CPU_ReadMem(4 bytes @ 0xE00FF008) - Data: 03 30 F0 FF  returns 0x01 (0001ms, 51628ms total)
T1E0C 11263:787 JLINK_ReadMem (0xE0002FF0, 0x0010 Bytes, ...) -- CPU is running -- CPU_ReadMem(16 bytes @ 0xE0002FF0) - Data: 0D 00 00 00 E0 00 00 00 05 00 00 00 B1 00 00 00  returns 0x00 (0002ms, 51630ms total)
T1E0C 11263:789 JLINK_ReadMem (0xE0002FD0, 0x0020 Bytes, ...) -- CPU is running -- CPU_ReadMem(32 bytes @ 0xE0002FD0) - Data: 04 00 00 00 00 00 00 00 00 00 00 00 00 00 00 00 ...  returns 0x00 (0001ms, 51631ms total)
T1E0C 11263:790 JLINK_ReadMemU32(0xE00FF00C, 0x0001 Items, ...) -- CPU is running -- CPU_ReadMem(4 bytes @ 0xE00FF00C) - Data: 03 10 F0 FF  returns 0x01 (0001ms, 51632ms total)
T1E0C 11263:791 JLINK_ReadMem (0xE0000FF0, 0x0010 Bytes, ...) -- CPU is running -- CPU_ReadMem(16 bytes @ 0xE0000FF0) - Data: 0D 00 00 00 E0 00 00 00 05 00 00 00 B1 00 00 00  returns 0x00 (0002ms, 51634ms total)
T1E0C 11263:793 JLINK_ReadMem (0xE0000FD0, 0x0020 Bytes, ...) -- CPU is running -- CPU_ReadMem(32 bytes @ 0xE0000FD0) - Data: 04 00 00 00 00 00 00 00 00 00 00 00 00 00 00 00 ...  returns 0x00 (0001ms, 51635ms total)
T1E0C 11263:794 JLINK_ReadMemU32(0xE00FF010, 0x0001 Items, ...) -- CPU is running -- CPU_ReadMem(4 bytes @ 0xE00FF010) - Data: 03 10 F4 FF  returns 0x01 (0001ms, 51636ms total)
T1E0C 11263:795 JLINK_ReadMem (0xE0040FF0, 0x0010 Bytes, ...) -- CPU is running -- CPU_ReadMem(16 bytes @ 0xE0040FF0) - Data: 0D 00 00 00 90 00 00 00 05 00 00 00 B1 00 00 00  returns 0x00 (0002ms, 51638ms total)
T1E0C 11263:797 JLINK_ReadMem (0xE0040FD0, 0x0020 Bytes, ...) -- CPU is running -- CPU_ReadMem(32 bytes @ 0xE0040FD0) - Data: 04 00 00 00 00 00 00 00 00 00 00 00 00 00 00 00 ...  returns 0x00 (0001ms, 51639ms total)
T1E0C 11263:798 JLINK_ReadMemU32(0xE00FF014, 0x0001 Items, ...) -- CPU is running -- CPU_ReadMem(4 bytes @ 0xE00FF014) - Data: 02 20 F4 FF  returns 0x01 (0001ms, 51640ms total)
T1E0C 11263:799 JLINK_ReadMemU32(0xE00FF018, 0x0001 Items, ...) -- CPU is running -- CPU_ReadMem(4 bytes @ 0xE00FF018) - Data: 00 00 00 00  returns 0x01 (0001ms, 51641ms total)
T1E0C 11263:800 JLINK_ReadMem (0xE0001000, 0x0004 Bytes, ...) -- CPU is running -- CPU_ReadMem(4 bytes @ 0xE0001000) - Data: 01 00 00 40  returns 0x00 (0002ms, 51643ms total)
T1E0C 11263:802 JLINK_ReadMem (0xE0001000, 0x0004 Bytes, ...) -- CPU is running -- CPU_ReadMem(4 bytes @ 0xE0001000) - Data: 01 00 00 40  returns 0x00 (0001ms, 51644ms total)
T1E0C 11263:803 JLINK_ReadMem (0xE0001028, 0x0004 Bytes, ...) -- CPU is running -- CPU_ReadMem(4 bytes @ 0xE0001028) - Data: 00 00 00 00  returns 0x00 (0001ms, 51645ms total)
T1E0C 11263:804 JLINK_WriteMem(0xE0001028, 0x0004 Bytes, ...) - Data: 00 01 00 00 -- CPU is running -- CPU_WriteMem(4 bytes @ 0xE0001028)  returns 0x04 (0001ms, 51646ms total)
T1E0C 11263:805 JLINK_ReadMem (0xE0001028, 0x0004 Bytes, ...) -- CPU is running -- CPU_ReadMem(4 bytes @ 0xE0001028) - Data: 00 00 00 00  returns 0x00 (0001ms, 51647ms total)
T1E0C 11263:806 JLINK_ReadMem (0xE0001038, 0x0004 Bytes, ...) -- CPU is running -- CPU_ReadMem(4 bytes @ 0xE0001038) - Data: 00 02 00 00  returns 0x00 (0001ms, 51648ms total)
T1E0C 11263:807 JLINK_WriteMem(0xE0001038, 0x0004 Bytes, ...) - Data: 00 03 00 00 -- CPU is running -- CPU_WriteMem(4 bytes @ 0xE0001038)  returns 0x04 (0001ms, 51649ms total)
T1E0C 11263:808 JLINK_ReadMem (0xE0001038, 0x0004 Bytes, ...) -- CPU is running -- CPU_ReadMem(4 bytes @ 0xE0001038) - Data: 00 03 00 00  returns 0x00 (0001ms, 51650ms total)
T1E0C 11263:809 JLINK_ReadMem (0xE0001048, 0x0004 Bytes, ...) -- CPU is running -- CPU_ReadMem(4 bytes @ 0xE0001048) - Data: 00 00 00 00  returns 0x00 (0001ms, 51651ms total)
T1E0C 11263:810 JLINK_WriteMem(0xE0001048, 0x0004 Bytes, ...) - Data: 00 01 00 00 -- CPU is running -- CPU_WriteMem(4 bytes @ 0xE0001048)  returns 0x04 (0001ms, 51652ms total)
T1E0C 11263:811 JLINK_ReadMem (0xE0001048, 0x0004 Bytes, ...) -- CPU is running -- CPU_ReadMem(4 bytes @ 0xE0001048) - Data: 00 00 00 00  returns 0x00 (0001ms, 51653ms total)
T1E0C 11263:812 JLINK_ReadMem (0xE0001058, 0x0004 Bytes, ...) -- CPU is running -- CPU_ReadMem(4 bytes @ 0xE0001058) - Data: 00 00 00 00  returns 0x00 (0001ms, 51654ms total)
T1E0C 11263:813 JLINK_WriteMem(0xE0001058, 0x0004 Bytes, ...) - Data: 00 01 00 00 -- CPU is running -- CPU_WriteMem(4 bytes @ 0xE0001058)  returns 0x04 (0001ms, 51655ms total)
T1E0C 11263:814 JLINK_ReadMem (0xE0001058, 0x0004 Bytes, ...) -- CPU is running -- CPU_ReadMem(4 bytes @ 0xE0001058) - Data: 00 00 00 00  returns 0x00 (0001ms, 51656ms total)
T1E0C 11263:815 JLINK_ReadMem (0xE0001024, 0x0004 Bytes, ...) -- CPU is running -- CPU_ReadMem(4 bytes @ 0xE0001024) - Data: 00 00 00 00  returns 0x00 (0001ms, 51657ms total)
T1E0C 11263:816 JLINK_WriteMem(0xE0001024, 0x0004 Bytes, ...) - Data: 1F 00 00 00 -- CPU is running -- CPU_WriteMem(4 bytes @ 0xE0001024)  returns 0x04 (0001ms, 51658ms total)
T1E0C 11263:817 JLINK_ReadMem (0xE0001024, 0x0004 Bytes, ...) -- CPU is running -- CPU_ReadMem(4 bytes @ 0xE0001024) - Data: 0F 00 00 00  returns 0x00 (0001ms, 51659ms total)
T1E0C 11263:818 JLINK_ReadMem (0xE0001034, 0x0004 Bytes, ...) -- CPU is running -- CPU_ReadMem(4 bytes @ 0xE0001034) - Data: 00 00 00 00  returns 0x00 (0001ms, 51660ms total)
T1E0C 11263:819 JLINK_WriteMem(0xE0001034, 0x0004 Bytes, ...) - Data: 1F 00 00 00 -- CPU is running -- CPU_WriteMem(4 bytes @ 0xE0001034)  returns 0x04 (0001ms, 51661ms total)
T1E0C 11263:820 JLINK_ReadMem (0xE0001034, 0x0004 Bytes, ...) -- CPU is running -- CPU_ReadMem(4 bytes @ 0xE0001034) - Data: 0F 00 00 00  returns 0x00 (0001ms, 51662ms total)
T1E0C 11263:821 JLINK_ReadMem (0xE0001044, 0x0004 Bytes, ...) -- CPU is running -- CPU_ReadMem(4 bytes @ 0xE0001044) - Data: 00 00 00 00  returns 0x00 (0001ms, 51663ms total)
T1E0C 11263:822 JLINK_WriteMem(0xE0001044, 0x0004 Bytes, ...) - Data: 1F 00 00 00 -- CPU is running -- CPU_WriteMem(4 bytes @ 0xE0001044)  returns 0x04 (0001ms, 51664ms total)
T1E0C 11263:823 JLINK_ReadMem (0xE0001044, 0x0004 Bytes, ...) -- CPU is running -- CPU_ReadMem(4 bytes @ 0xE0001044) - Data: 0F 00 00 00  returns 0x00 (0001ms, 51665ms total)
T1E0C 11263:824 JLINK_ReadMem (0xE0001054, 0x0004 Bytes, ...) -- CPU is running -- CPU_ReadMem(4 bytes @ 0xE0001054) - Data: 00 00 00 00  returns 0x00 (0001ms, 51666ms total)
T1E0C 11263:825 JLINK_WriteMem(0xE0001054, 0x0004 Bytes, ...) - Data: 1F 00 00 00 -- CPU is running -- CPU_WriteMem(4 bytes @ 0xE0001054)  returns 0x04 (0001ms, 51667ms total)
T1E0C 11263:826 JLINK_ReadMem (0xE0001054, 0x0004 Bytes, ...) -- CPU is running -- CPU_ReadMem(4 bytes @ 0xE0001054) - Data: 0F 00 00 00  returns 0x00 (0001ms, 51668ms total)
T1E0C 11263:827 JLINK_ReadMem (0xE0001028, 0x0004 Bytes, ...) -- CPU is running -- CPU_ReadMem(4 bytes @ 0xE0001028) - Data: 00 00 00 00  returns 0x00 (0002ms, 51670ms total)
T1E0C 11263:829 JLINK_ReadMem (0xE0001038, 0x0004 Bytes, ...) -- CPU is running -- CPU_ReadMem(4 bytes @ 0xE0001038) - Data: 00 03 00 00  returns 0x00 (0001ms, 51671ms total)
T1E0C 11263:830 JLINK_ReadMem (0xE0001048, 0x0004 Bytes, ...) -- CPU is running -- CPU_ReadMem(4 bytes @ 0xE0001048) - Data: 00 00 00 00  returns 0x00 (0001ms, 51672ms total)
T1E0C 11263:831 JLINK_ReadMem (0xE0001058, 0x0004 Bytes, ...) -- CPU is running -- CPU_ReadMem(4 bytes @ 0xE0001058) - Data: 00 00 00 00  returns 0x00 (0001ms, 51673ms total)
T1E0C 11263:832 JLINK_WriteMem(0xE0001020, 0x0004 Bytes, ...) - Data: 00 00 00 00 -- CPU is running -- CPU_WriteMem(4 bytes @ 0xE0001020)  returns 0x04 (0001ms, 51674ms total)
T1E0C 11263:833 JLINK_WriteMem(0xE0001024, 0x0004 Bytes, ...) - Data: 00 00 00 00 -- CPU is running -- CPU_WriteMem(4 bytes @ 0xE0001024)  returns 0x04 (0000ms, 51674ms total)
T1E0C 11263:833 JLINK_WriteMem(0xE0001028, 0x0004 Bytes, ...) - Data: 00 00 00 00 -- CPU is running -- CPU_WriteMem(4 bytes @ 0xE0001028)  returns 0x04 (0001ms, 51675ms total)
T1E0C 11263:834 JLINK_WriteMem(0xE0001030, 0x0004 Bytes, ...) - Data: 00 00 00 00 -- CPU is running -- CPU_WriteMem(4 bytes @ 0xE0001030)  returns 0x04 (0001ms, 51676ms total)
T1E0C 11263:835 JLINK_WriteMem(0xE0001034, 0x0004 Bytes, ...) - Data: 00 00 00 00 -- CPU is running -- CPU_WriteMem(4 bytes @ 0xE0001034)  returns 0x04 (0001ms, 51677ms total)
T1E0C 11263:836 JLINK_WriteMem(0xE0001038, 0x0004 Bytes, ...) - Data: 00 00 00 00 -- CPU is running -- CPU_WriteMem(4 bytes @ 0xE0001038)  returns 0x04 (0001ms, 51678ms total)
T1E0C 11263:837 JLINK_WriteMem(0xE0001040, 0x0004 Bytes, ...) - Data: 00 00 00 00 -- CPU is running -- CPU_WriteMem(4 bytes @ 0xE0001040)  returns 0x04 (0001ms, 51679ms total)
T1E0C 11263:838 JLINK_WriteMem(0xE0001044, 0x0004 Bytes, ...) - Data: 00 00 00 00 -- CPU is running -- CPU_WriteMem(4 bytes @ 0xE0001044)  returns 0x04 (0001ms, 51680ms total)
T1E0C 11263:839 JLINK_WriteMem(0xE0001048, 0x0004 Bytes, ...) - Data: 00 00 00 00 -- CPU is running -- CPU_WriteMem(4 bytes @ 0xE0001048)  returns 0x04 (0001ms, 51681ms total)
T1E0C 11263:840 JLINK_WriteMem(0xE0001050, 0x0004 Bytes, ...) - Data: 00 00 00 00 -- CPU is running -- CPU_WriteMem(4 bytes @ 0xE0001050)  returns 0x04 (0000ms, 51681ms total)
T1E0C 11263:840 JLINK_WriteMem(0xE0001054, 0x0004 Bytes, ...) - Data: 00 00 00 00 -- CPU is running -- CPU_WriteMem(4 bytes @ 0xE0001054)  returns 0x04 (0001ms, 51682ms total)
T1E0C 11263:841 JLINK_WriteMem(0xE0001058, 0x0004 Bytes, ...) - Data: 00 00 00 00 -- CPU is running -- CPU_WriteMem(4 bytes @ 0xE0001058)  returns 0x04 (0001ms, 51683ms total)
T1E0C 11263:842 JLINK_Halt()  returns 0x00 (0008ms, 51691ms total)
T1E0C 11263:850 JLINK_WriteMem(0x400E0A04, 0x0004 Bytes, ...) - Data: 0B 01 00 5A -- CPU_WriteMem(4 bytes @ 0x400E0A04)  returns 0x04 (0001ms, 51692ms total)
T1E0C 11263:851 JLINK_ReadMem (0x400E0A08, 0x0004 Bytes, ...) -- CPU_ReadMem(4 bytes @ 0x400E0A08) - Data: 01 00 00 00  returns 0x00 (0001ms, 51693ms total)
T1E0C 11263:852 JLINK_WriteMem(0x400E0A04, 0x0004 Bytes, ...) - Data: 0C 02 00 5A -- CPU_WriteMem(4 bytes @ 0x400E0A04)  returns 0x04 (0001ms, 51694ms total)
T1E0C 11263:853 JLINK_ReadMem (0x400E0A08, 0x0004 Bytes, ...) -- CPU_ReadMem(4 bytes @ 0x400E0A08) - Data: 01 00 00 00  returns 0x00 (0001ms, 51695ms total)
T1E0C 11263:854 JLINK_Reset() -- CPU_ReadMem(16 bytes @ 0x20000000) -- CPU_WriteMem(16 bytes @ 0x20000000) -- CPU_ReadMem(4 bytes @ 0xE000EDFC) -- CPU_WriteMem(4 bytes @ 0xE000EDFC) -- CPU_ReadMem(4 bytes @ 0xE0001000) -- CPU_WriteMem(4 bytes @ 0xE000EDFC) -- CPU_WriteMem(16 bytes @ 0x20000000) -- CPU_WriteMem(4 bytes @ 0xE0002000) -- CPU_ReadMem(4 bytes @ 0xE000EDFC) -- CPU_ReadMem(4 bytes @ 0xE0001000) (0039ms, 51734ms total)
T1E0C 11263:895 JLINK_JTAG_GetDeviceID(DeviceIndex = 0)  returns 0x4BA00477 (0000ms, 51734ms total)
T1E0C 11263:895 JLINK_ReadMemU32(0x400E0740, 0x0001 Items, ...) -- CPU_ReadMem(4 bytes @ 0x400E0740) - Data: E0 0E A7 29  returns 0x01 (0001ms, 51735ms total)
T1E0C 11263:896 JLINK_ReadMemU32(0x400E0744, 0x0001 Items, ...) -- CPU_ReadMem(4 bytes @ 0x400E0744) - Data: 00 00 00 00  returns 0x01 (0001ms, 51736ms total)
T1E0C 11263:897 JLINK_WriteMem(0x400E0A04, 0x0004 Bytes, ...) - Data: 05 00 00 5A -- CPU_WriteMem(4 bytes @ 0x400E0A04)  returns 0x04 (0001ms, 51737ms total)
T1E0C 11263:898 JLINK_WriteMem(0x400E0C04, 0x0004 Bytes, ...) - Data: 05 00 00 5A -- CPU_WriteMem(4 bytes @ 0x400E0C04)  returns 0x04 (0001ms, 51738ms total)
T1E0C 11263:899 JLINK_ReadMem (0x400E0A08, 0x0004 Bytes, ...) -- CPU_ReadMem(4 bytes @ 0x400E0A08) - Data: 00 00 00 00  returns 0x00 (0001ms, 51739ms total)
T1E0C 11263:901 JLINK_ReadMem (0x400E0A08, 0x0004 Bytes, ...) -- CPU_ReadMem(4 bytes @ 0x400E0A08) - Data: 00 00 00 00  returns 0x00 (0001ms, 51740ms total)
T1D88 11263:905 JLINK_IsHalted()  returns TRUE (0000ms, 51740ms total)
T1D88 11263:905 JLINK_GetMOEs(...) -- CPU_ReadMem(4 bytes @ 0xE000ED30) -- CPU_WriteMem(4 bytes @ 0xE000ED30)  returns 0x00 (0002ms, 51742ms total)
T1E0C 11263:907 JLINK_ReadMem (0x400E0A08, 0x0004 Bytes, ...) -- CPU_ReadMem(4 bytes @ 0x400E0A08) - Data: 01 00 0A 00  returns 0x00 (0001ms, 51743ms total)
T1D88 11263:908 JLINK_ReadReg(R15 (PC))  returns 0x004013A8 (0000ms, 51743ms total)
T1E0C 11263:908 JLINK_ReadMem (0x400E0C08, 0x0004 Bytes, ...) -- CPU_ReadMem(4 bytes @ 0x400E0C08) - Data: 01 00 00 00  returns 0x00 (0001ms, 51744ms total)
T1D88 11264:108 JLINK_IsHalted()  returns TRUE (0000ms, 51744ms total)
T1E0C 11264:109 JLINK_ResetPullsRESET(ON) (0000ms, 51744ms total)
T1E0C 11264:109 JLINK_ResetNoHalt() >0x2F8 JTAG>TotalIRLen = 4, IRPrint = 0x01 >0x30 JTAG> >0x210 JTAG> >0x70 JTAG> >0x40 JTAG> >0x40 JTAG> >0x40 JTAG> >0x48 JTAG> >0x78 JTAG> >0x40 JTAG> >0x30 JTAG> >0x40 JTAG> >0x40 JTAG> >0x30 JTAG> >0x40 JTAG> >0x48 JTAG>Found Cortex-M4 r0p1, Little endian. -- CPU_WriteMem(4 bytes @ 0xE0002000) -- CPU_ReadMem(4 bytes @ 0xE000EDF0) -- CPU_WriteMem(4 bytes @ 0xE000EDF0) -- CPU_ReadMem(4 bytes @ 0xE0002000)FPUnit: 6 code (BP) slots and 2 literal slots
 -- CPU_ReadMem(4 bytes @ 0xE000EDFC) -- CPU_WriteMem(4 bytes @ 0xE000EDFC) -- CPU_ReadMem(4 bytes @ 0xE0001000) -- CPU_ReadMem(4 bytes @ 0xE000ED88) -- CPU_WriteMem(4 bytes @ 0xE000ED88) -- CPU_ReadMem(4 bytes @ 0xE000ED88) -- CPU_WriteMem(4 bytes @ 0xE000ED88)CoreSight components:ROMTbl 0 @ E00FF000 -- CPU_ReadMem(16 bytes @ 0xE00FF000) -- CPU_ReadMem(16 bytes @ 0xE000EFF0) -- CPU_ReadMem(16 bytes @ 0xE000EFE0)ROMTbl 0 [0]: FFF0F000, CID: B105E00D, PID: 000BB000 SCS
 -- CPU_WriteMem(4 bytes @ 0xE0001000) -- CPU_ReadMem(16 bytes @ 0xE0001FF0) -- CPU_ReadMem(16 bytes @ 0xE0001FE0)ROMTbl 0 [1]: FFF02000, CID: B105E00D, PID: 003BB002 DWT -- CPU_ReadMem(16 bytes @ 0xE0002FF0) -- CPU_ReadMem(16 bytes @ 0xE0002FE0)ROMTbl 0 [2]: FFF03000, CID: B105E00D, PID: 002BB003 FPB -- CPU_ReadMem(16 bytes @ 0xE0000FF0) -- CPU_ReadMem(16 bytes @ 0xE0000FE0)ROMTbl 0 [3]: FFF01000, CID: B105E00D, PID: 003BB001 ITM -- CPU_ReadMem(16 bytes @ 0xE00FF010)
 -- CPU_ReadMem(16 bytes @ 0xE0040FF0) -- CPU_ReadMem(16 bytes @ 0xE0040FE0)ROMTbl 0 [4]: FFF41000, CID: B105900D, PID: 000BB9A1 TPIU
                JLINK_Reset() -- CPU_ReadMem(16 bytes @ 0x20000000) -- CPU_WriteMem(16 bytes @ 0x20000000) -- CPU_ReadMem(4 bytes @ 0xE000EDFC) -- CPU_WriteMem(4 bytes @ 0xE000EDFC) -- CPU_ReadMem(4 bytes @ 0xE0001000) -- CPU_WriteMem(4 bytes @ 0xE0001004)T-bit of XPSR is 0 but should be 1. Changed to 1. -- CPU_ReadMem(4 bytes @ 0x00000004) -- CPU_WriteMem(4 bytes @ 0xE000EDFC) -- CPU_WriteMem(16 bytes @ 0x20000000)T-bit of XPSR is 0 but should be 1. Changed to 1. -- CPU_WriteMem(4 bytes @ 0xE0002000)
 -- CPU_ReadMem(4 bytes @ 0xE000EDFC) -- CPU_ReadMem(4 bytes @ 0xE0001000) (0044ms, 0044ms total)
                JLINK_Go() -- CPU_ReadMem(4 bytes @ 0xE0001000) -- CPU_WriteMem(4 bytes @ 0xE0001004) (0011ms, 0055ms total)
               (0108ms, 51852ms total)
T1E0C 11264:217 JLINK_ExecCommand("ProjectFile = T:\12.01661-6\09.00393-2\Entregas\20-UART\20-UART\jlink.config", ...)  returns 0x00 (0001ms, 51853ms total)
T1E0C 11264:227 JLINK_ExecCommand("Device = AT91SAM4SD32C", ...)Device "ATSAM4SD32C" selected.  returns 0x00 (0001ms, 51854ms total)
T1E0C 11264:228 JLINK_TIF_Select(JLINKARM_TIF_JTAG)  returns 0x00 (0000ms, 51854ms total)
T1E0C 11264:228 JLINK_GetIdData(...) ScanLen=4 NumDevices=1 aId[0]=0x4BA00477 aIrRead[0]=0 aScanLen[0]=0 aScanRead[0]=0 (0000ms, 51854ms total)
T1E0C 11264:228 JLINK_ConfigJTAG(IRPre = 0, DRPre = 0) (0000ms, 51854ms total)
T1E0C 11264:228 JLINK_SetSpeed(0) >0x30 JTAG> (0001ms, 51855ms total)
T1E0C 11264:229 JLINK_ResetPullsRESET(OFF) (0000ms, 51855ms total)
T1E0C 11264:229 JLINK_Connect() >0x2F8 JTAG>TotalIRLen = 4, IRPrint = 0x01 >0x30 JTAG> >0x210 JTAG> >0x70 JTAG> >0x40 JTAG> >0x40 JTAG> >0x40 JTAG> >0x48 JTAG> >0x78 JTAG> >0x40 JTAG> >0x30 JTAG> >0x40 JTAG> >0x40 JTAG> >0x30 JTAG> >0x40 JTAG> >0x48 JTAG>Found Cortex-M4 r0p1, Little endian. -- CPU_WriteMem(4 bytes @ 0xE0002000) -- CPU_ReadMem(4 bytes @ 0xE000EDF0) -- CPU_ReadMem(4 bytes @ 0xE0002000)FPUnit: 6 code (BP) slots and 2 literal slots -- CPU_ReadMem(4 bytes @ 0xE000EDFC)
 -- CPU_ReadMem(4 bytes @ 0xE0001000) -- CPU_WriteMem(4 bytes @ 0xE0001000) -- CPU_ReadMem(4 bytes @ 0xE000ED88) -- CPU_WriteMem(4 bytes @ 0xE000ED88) -- CPU_ReadMem(4 bytes @ 0xE000ED88) -- CPU_WriteMem(4 bytes @ 0xE000ED88)CoreSight components:ROMTbl 0 @ E00FF000 -- CPU_ReadMem(16 bytes @ 0xE00FF000) -- CPU_ReadMem(16 bytes @ 0xE000EFF0) -- CPU_ReadMem(16 bytes @ 0xE000EFE0)ROMTbl 0 [0]: FFF0F000, CID: B105E00D, PID: 000BB000 SCS -- CPU_ReadMem(16 bytes @ 0xE0001FF0)
 -- CPU_ReadMem(16 bytes @ 0xE0001FE0)ROMTbl 0 [1]: FFF02000, CID: B105E00D, PID: 003BB002 DWT -- CPU_ReadMem(16 bytes @ 0xE0002FF0) -- CPU_ReadMem(16 bytes @ 0xE0002FE0)ROMTbl 0 [2]: FFF03000, CID: B105E00D, PID: 002BB003 FPB -- CPU_ReadMem(16 bytes @ 0xE0000FF0) -- CPU_ReadMem(16 bytes @ 0xE0000FE0)ROMTbl 0 [3]: FFF01000, CID: B105E00D, PID: 003BB001 ITM -- CPU_ReadMem(16 bytes @ 0xE00FF010) -- CPU_ReadMem(16 bytes @ 0xE0040FF0) -- CPU_ReadMem(16 bytes @ 0xE0040FE0)
ROMTbl 0 [4]: FFF41000, CID: B105900D, PID: 000BB9A1 TPIU  returns 0x00 (0030ms, 51885ms total)
T1E0C 11264:259 JLINK_WriteMem(0xE0001020, 0x0004 Bytes, ...) - Data: 00 00 00 00 -- CPU is running -- CPU_WriteMem(4 bytes @ 0xE0001020)  returns 0x04 (0002ms, 51887ms total)
T1E0C 11264:261 JLINK_WriteMem(0xE0001024, 0x0004 Bytes, ...) - Data: 00 00 00 00 -- CPU is running -- CPU_WriteMem(4 bytes @ 0xE0001024)  returns 0x04 (0000ms, 51887ms total)
T1E0C 11264:261 JLINK_WriteMem(0xE0001028, 0x0004 Bytes, ...) - Data: 00 00 00 00 -- CPU is running -- CPU_WriteMem(4 bytes @ 0xE0001028)  returns 0x04 (0001ms, 51888ms total)
T1E0C 11264:262 JLINK_WriteMem(0xE0001030, 0x0004 Bytes, ...) - Data: 00 00 00 00 -- CPU is running -- CPU_WriteMem(4 bytes @ 0xE0001030)  returns 0x04 (0001ms, 51889ms total)
T1E0C 11264:263 JLINK_WriteMem(0xE0001034, 0x0004 Bytes, ...) - Data: 00 00 00 00 -- CPU is running -- CPU_WriteMem(4 bytes @ 0xE0001034)  returns 0x04 (0000ms, 51889ms total)
T1E0C 11264:263 JLINK_WriteMem(0xE0001038, 0x0004 Bytes, ...) - Data: 00 00 00 00 -- CPU is running -- CPU_WriteMem(4 bytes @ 0xE0001038)  returns 0x04 (0001ms, 51890ms total)
T1E0C 11264:264 JLINK_WriteMem(0xE0001040, 0x0004 Bytes, ...) - Data: 00 00 00 00 -- CPU is running -- CPU_WriteMem(4 bytes @ 0xE0001040)  returns 0x04 (0001ms, 51891ms total)
T1E0C 11264:265 JLINK_WriteMem(0xE0001044, 0x0004 Bytes, ...) - Data: 00 00 00 00 -- CPU is running -- CPU_WriteMem(4 bytes @ 0xE0001044)  returns 0x04 (0000ms, 51891ms total)
T1E0C 11264:265 JLINK_WriteMem(0xE0001048, 0x0004 Bytes, ...) - Data: 00 00 00 00 -- CPU is running -- CPU_WriteMem(4 bytes @ 0xE0001048)  returns 0x04 (0001ms, 51892ms total)
T1E0C 11264:266 JLINK_WriteMem(0xE0001050, 0x0004 Bytes, ...) - Data: 00 00 00 00 -- CPU is running -- CPU_WriteMem(4 bytes @ 0xE0001050)  returns 0x04 (0001ms, 51893ms total)
T1E0C 11264:267 JLINK_WriteMem(0xE0001054, 0x0004 Bytes, ...) - Data: 00 00 00 00 -- CPU is running -- CPU_WriteMem(4 bytes @ 0xE0001054)  returns 0x04 (0001ms, 51894ms total)
T1E0C 11264:268 JLINK_WriteMem(0xE0001058, 0x0004 Bytes, ...) - Data: 00 00 00 00 -- CPU is running -- CPU_WriteMem(4 bytes @ 0xE0001058)  returns 0x04 (0000ms, 51894ms total)
T1E0C 11264:268 JLINK_Halt()  returns 0x00 (0004ms, 51898ms total)
T1E0C 11264:272 JLINK_WriteMem(0x400E0A04, 0x0004 Bytes, ...) - Data: 0B 01 00 5A -- CPU_WriteMem(4 bytes @ 0x400E0A04)  returns 0x04 (0001ms, 51899ms total)
T1E0C 11264:273 JLINK_ReadMem (0x400E0A08, 0x0004 Bytes, ...) -- CPU_ReadMem(4 bytes @ 0x400E0A08) - Data: 01 00 0A 00  returns 0x00 (0001ms, 51900ms total)
T1E0C 11264:274 JLINK_WriteMem(0x400E0A04, 0x0004 Bytes, ...) - Data: 0C 02 00 5A -- CPU_WriteMem(4 bytes @ 0x400E0A04)  returns 0x04 (0000ms, 51900ms total)
T1E0C 11264:274 JLINK_ReadMem (0x400E0A08, 0x0004 Bytes, ...) -- CPU_ReadMem(4 bytes @ 0x400E0A08) - Data: 01 00 00 00  returns 0x00 (0001ms, 51901ms total)
T1E0C 11264:275 JLINK_Reset() -- CPU_ReadMem(16 bytes @ 0x20000000) -- CPU_WriteMem(16 bytes @ 0x20000000) -- CPU_ReadMem(4 bytes @ 0xE000EDFC) -- CPU_WriteMem(4 bytes @ 0xE000EDFC) -- CPU_ReadMem(4 bytes @ 0xE0001000)T-bit of XPSR is 0 but should be 1. Changed to 1. -- CPU_ReadMem(4 bytes @ 0x00000004) -- CPU_WriteMem(4 bytes @ 0xE000EDFC) -- CPU_WriteMem(16 bytes @ 0x20000000)T-bit of XPSR is 0 but should be 1. Changed to 1. -- CPU_WriteMem(4 bytes @ 0xE0002000) -- CPU_ReadMem(4 bytes @ 0xE000EDFC)
 -- CPU_ReadMem(4 bytes @ 0xE0001000) (0027ms, 51928ms total)
T1E0C 11264:307 JLINK_JTAG_GetDeviceID(DeviceIndex = 0)  returns 0x4BA00477 (0000ms, 51928ms total)
T1E0C 11264:307 JLINK_ReadMemU32(0x400E0740, 0x0001 Items, ...) -- CPU_ReadMem(4 bytes @ 0x400E0740) - Data: E0 0E A7 29  returns 0x01 (0001ms, 51929ms total)
T1E0C 11264:308 JLINK_ReadMemU32(0x400E0744, 0x0001 Items, ...) -- CPU_ReadMem(4 bytes @ 0x400E0744) - Data: 00 00 00 00  returns 0x01 (0000ms, 51929ms total)
T1E0C 11264:310 JLINK_BeginDownload(Flags = 0x00) (0000ms, 51929ms total)
T1E0C 11264:310 JLINK_WriteMem(0x00400000, 0x4000 Bytes, ...) - Data: 68 39 00 20 A9 13 40 00 71 14 40 00 71 14 40 00 ...  returns 0x4000 (0001ms, 51930ms total)
T1E0C 11264:311 JLINK_WriteMem(0x00404000, 0x1334 Bytes, ...) - Data: 03 0F A8 F1 08 03 00 F1 FF 30 F4 D1 7B 68 23 EA ...  returns 0x1334 (0000ms, 51930ms total)
T1E0C 11264:312 JLINK_WriteMem(0x00405334, 0x0008 Bytes, ...) - Data: B4 F8 FF 7F 01 00 00 00  returns 0x08 (0000ms, 51930ms total)
T1E0C 11264:312 JLINK_WriteMem(0x0040533C, 0x0870 Bytes, ...) - Data: 00 09 3D 00 00 00 00 00 00 00 00 00 F4 02 00 20 ...  returns 0x870 (0000ms, 51930ms total)
T17F4 11264:314 JLINK_IsHalted()  returns TRUE (0000ms, 51930ms total)
T17F4 11264:314 JLINK_GetMOEs(...) -- CPU_ReadMem(4 bytes @ 0xE000ED30) -- CPU_WriteMem(4 bytes @ 0xE000ED30)  returns 0x01 (0001ms, 51931ms total)
T17F4 11264:315 JLINK_ReadReg(R15 (PC)) -- -------------------------------------- -- Start of determining dirty areas in flash cache -- End of determining dirty areas -- Start of preparing flash programming -- Calculating RAM usage -- RAM usage = 3908 Bytes -- Preserving registers -- Preparing memory -- Determining CPU clock frequency -- CPU clock frequency: 4251 kHz -- CPU frequency = 4251 kHz -- Preparing target -- Downloading RAMCode -- Using alternate TurboMode RAMCode -- Checking target RAM
 -- Preparing RAMCode -- End of preparing flash programmingCPU is running at low speed (4251 kHz). -- CPU is running at 4251 kHz. -- Start of comparing flash -- Read back was estimated as fastest method -- Comparing range 0x400000 - 0x403FFF (32 Sectors, 16 KB), using multi-block CRC calculation -- CPU is running -- CPU_ReadMem(512 bytes @ 0x00400000) -- CPU is running -- CPU_ReadMem(512 bytes @ 0x00400200) -- CPU is running -- CPU_ReadMem(512 bytes @ 0x00400400) -- CPU is running
 -- CPU_ReadMem(512 bytes @ 0x00400600) -- CPU is running -- CPU_ReadMem(512 bytes @ 0x00400800) -- CPU is running -- CPU_ReadMem(512 bytes @ 0x00400A00) -- CPU is running -- CPU_ReadMem(512 bytes @ 0x00400C00) -- CPU is running -- CPU_ReadMem(512 bytes @ 0x00400E00) -- CPU is running -- CPU_ReadMem(512 bytes @ 0x00401000) -- CPU is running -- CPU_ReadMem(512 bytes @ 0x00401200) -- CPU is running -- CPU_ReadMem(512 bytes @ 0x00401400) -- CPU is running -- CPU_ReadMem(512 bytes @ 0x00401600)
 -- CPU is running -- CPU_ReadMem(512 bytes @ 0x00401800) -- CPU is running -- CPU_ReadMem(512 bytes @ 0x00401A00) -- CPU is running -- CPU_ReadMem(512 bytes @ 0x00401C00) -- CPU is running -- CPU_ReadMem(512 bytes @ 0x00401E00) -- CPU is running -- CPU_ReadMem(512 bytes @ 0x00402000) -- CPU is running -- CPU_ReadMem(512 bytes @ 0x00402200) -- CPU is running -- CPU_ReadMem(512 bytes @ 0x00402400) -- CPU is running -- CPU_ReadMem(512 bytes @ 0x00402600) -- CPU is running
 -- CPU_ReadMem(512 bytes @ 0x00402800) -- CPU is running -- CPU_ReadMem(512 bytes @ 0x00402A00) -- CPU is running -- CPU_ReadMem(512 bytes @ 0x00402C00) -- CPU is running -- CPU_ReadMem(512 bytes @ 0x00402E00) -- CPU is running -- CPU_ReadMem(512 bytes @ 0x00403000) -- CPU is running -- CPU_ReadMem(512 bytes @ 0x00403200) -- CPU is running -- CPU_ReadMem(512 bytes @ 0x00403400) -- CPU is running -- CPU_ReadMem(512 bytes @ 0x00403600) -- CPU is running -- CPU_ReadMem(512 bytes @ 0x00403800)
 -- CPU is running -- CPU_ReadMem(512 bytes @ 0x00403A00) -- CPU is running -- CPU_ReadMem(512 bytes @ 0x00403C00) -- CPU is running -- CPU_ReadMem(512 bytes @ 0x00403E00) -- CRC does not match for sectors 0-7, 15 -- Comparing range 0x404000 - 0x405FFF (2 Sectors, 8 KB), using multi-block CRC calculation -- CPU is running -- CPU_ReadMem(4096 bytes @ 0x00404000) -- CPU is running -- CPU_ReadMem(4096 bytes @ 0x00405000) -- All CRCs match
 -- Comparing range 0x401000 - 0x401DFF (7 Sectors, 3 KB), using alternative multi-block CRC calculation -- CPU is running -- CPU_ReadMem(512 bytes @ 0x00401000) -- CPU is running -- CPU_ReadMem(512 bytes @ 0x00401200) -- CPU is running -- CPU_ReadMem(512 bytes @ 0x00401400) -- CPU is running -- CPU_ReadMem(512 bytes @ 0x00401600) -- CPU is running -- CPU_ReadMem(512 bytes @ 0x00401800) -- CPU is running -- CPU_ReadMem(512 bytes @ 0x00401A00) -- CPU is running -- CPU_ReadMem(512 bytes @ 0x00401C00)
 -- All CRCs match -- Comparing range 0x402000 - 0x403FFF (16 Sectors, 8 KB), using alternative multi-block CRC calculation -- CPU is running -- CPU_ReadMem(512 bytes @ 0x00402000) -- CPU is running -- CPU_ReadMem(512 bytes @ 0x00402200) -- CPU is running -- CPU_ReadMem(512 bytes @ 0x00402400) -- CPU is running -- CPU_ReadMem(512 bytes @ 0x00402600) -- CPU is running -- CPU_ReadMem(512 bytes @ 0x00402800) -- CPU is running -- CPU_ReadMem(512 bytes @ 0x00402A00) -- CPU is running
 -- CPU_ReadMem(512 bytes @ 0x00402C00) -- CPU is running -- CPU_ReadMem(512 bytes @ 0x00402E00) -- CPU is running -- CPU_ReadMem(512 bytes @ 0x00403000) -- CPU is running -- CPU_ReadMem(512 bytes @ 0x00403200) -- CPU is running -- CPU_ReadMem(512 bytes @ 0x00403400) -- CPU is running -- CPU_ReadMem(512 bytes @ 0x00403600) -- CPU is running -- CPU_ReadMem(512 bytes @ 0x00403800) -- CPU is running -- CPU_ReadMem(512 bytes @ 0x00403A00) -- CPU is running -- CPU_ReadMem(512 bytes @ 0x00403C00)
 -- CPU is running -- CPU_ReadMem(512 bytes @ 0x00403E00) -- All CRCs match -- Comparing range 0x404000 - 0x405FFF (2 Sectors, 8 KB), using alternative multi-block CRC calculation -- CPU is running -- CPU_ReadMem(4096 bytes @ 0x00404000) -- CPU is running -- CPU_ReadMem(4096 bytes @ 0x00405000) -- All CRCs match -- End of comparing flash -- Start of erasing sectors -- Erasing range 0x00400000 - 0x00400FFF (008 Sectors, 4 KB) -- Erasing range 0x00401E00 - 0x00401FFF (001 Sector, 512 Bytes)
 -- End of erasing sectors -- Start of flash programming -- Programming range 0x00400000 - 0x00400FFF (008 Sectors, 4 KB) -- Programming range 0x00401E00 - 0x00401FFF (001 Sector, 512 Bytes) -- End of flash programming -- Flash programming performed for 2 ranges (4608 bytes) -- 0x400000 - 0x400FFF (008 Sectors, 4 KB) -- 0x401E00 - 0x401FFF (001 Sector, 512 Bytes) -- Start of verifying flash -- Checksum calculation was estimated as fastest method -- Checksum calculation was estimated as fastest method
 -- End of verifying flash -- Start of restoring -- Restore RAMCode -- Restore content of target memory -- Restore target -- Restore memory -- Restore content of registers -- End of restoring -- Total time needed: 0.574s (Prepare: 0.083s, Compare: 0.346s, Erase: 0.086s, Program: 0.045s, Verify: 0.004s, Restore: 0.008s)  returns 0x00000000 (0582ms, 52513ms total)
T1DEC 11265:014 JLINK_Halt()  returns 0x00 (0001ms, 52514ms total)
T1DEC 11265:015 JLINK_ReadReg(R15 (PC))  returns 0x00000000 (0000ms, 52514ms total)
T1DEC 11265:015 JLINK_ReadReg(R13 (SP))  returns 0x00000000 (0000ms, 52514ms total)
T17F4 11265:097 JLINK_IsHalted() -- CPU_ReadMem(4 bytes @ 0x00000004)  returns TRUE (0000ms, 52514ms total)
T1DEC 11265:166 JLINK_ReadReg(R0)  returns 0x400E1400 (0000ms, 52514ms total)
T1DEC 11265:166 JLINK_ReadReg(R1)  returns 0x40004000 (0000ms, 52514ms total)
T1DEC 11265:166 JLINK_ReadReg(R2)  returns 0xA5000005 (0000ms, 52514ms total)
T1DEC 11265:166 JLINK_ReadReg(R3)  returns 0x00000001 (0000ms, 52514ms total)
T1DEC 11265:166 JLINK_ReadReg(R4)  returns 0x20000870 (0000ms, 52514ms total)
T1DEC 11265:166 JLINK_ReadReg(R5)  returns 0x00000000 (0000ms, 52514ms total)
T1DEC 11265:166 JLINK_ReadReg(R6)  returns 0xFFFFFFFF (0000ms, 52514ms total)
T1DEC 11265:166 JLINK_ReadReg(R7)  returns 0x20003930 (0000ms, 52514ms total)
T1DEC 11265:166 JLINK_ReadReg(R8)  returns 0x00000002 (0000ms, 52514ms total)
T1DEC 11265:166 JLINK_ReadReg(R9)  returns 0xC9108E24 (0000ms, 52514ms total)
T1DEC 11265:166 JLINK_ReadReg(R10)  returns 0xEA82C754 (0000ms, 52514ms total)
T1DEC 11265:166 JLINK_ReadReg(R11)  returns 0xA397832C (0000ms, 52514ms total)
T1DEC 11265:166 JLINK_ReadReg(R12)  returns 0x01010101 (0000ms, 52514ms total)
T1DEC 11265:166 JLINK_ReadReg(R13 (SP))  returns 0x00000000 (0000ms, 52514ms total)
T1DEC 11265:166 JLINK_ReadReg(R14)  returns 0xFFFFFFFF (0000ms, 52514ms total)
T1DEC 11265:166 JLINK_ReadReg(R15 (PC))  returns 0x00000000 (0001ms, 52515ms total)
T1DEC 11265:167 JLINK_ReadReg(XPSR)  returns 0x01000000 (0000ms, 52515ms total)
T1DEC 11265:167 JLINK_ReadReg(MSP)  returns 0x00000000 (0000ms, 52515ms total)
T1DEC 11265:167 JLINK_ReadReg(PSP)  returns 0x3050AD78 (0000ms, 52515ms total)
T1DEC 11265:167 JLINK_ReadReg(PRIMASK)  returns 0x00000000 (0000ms, 52515ms total)
T1DEC 11265:167 JLINK_ReadReg(BASEPRI)  returns 0x00000000 (0000ms, 52515ms total)
T1DEC 11265:167 JLINK_ReadReg(FAULTMASK)  returns 0x00000000 (0000ms, 52515ms total)
T1DEC 11265:167 JLINK_ReadReg(CONTROL)  returns 0x00000000 (0000ms, 52515ms total)
T1DEC 11265:198 JLINK_EndDownload()  returns 0x00 (0000ms, 52515ms total)
T1DEC 11265:198 JLINK_Reset() -- CPU_ReadMem(16 bytes @ 0x20000000) -- CPU_WriteMem(16 bytes @ 0x20000000) -- CPU_ReadMem(4 bytes @ 0xE000EDFC) -- CPU_WriteMem(4 bytes @ 0xE000EDFC) -- CPU_ReadMem(4 bytes @ 0xE0001000) -- CPU_WriteMem(4 bytes @ 0xE000EDFC) -- CPU_WriteMem(16 bytes @ 0x20000000) -- CPU_WriteMem(4 bytes @ 0xE0002000) -- CPU_ReadMem(4 bytes @ 0xE000EDFC) -- CPU_ReadMem(4 bytes @ 0xE0001000) (0026ms, 52541ms total)
T17F4 11265:224 JLINK_IsHalted()  returns TRUE (0000ms, 52541ms total)
T17F4 11265:224 JLINK_GetMOEs(...) -- CPU_ReadMem(4 bytes @ 0xE000ED30) -- CPU_WriteMem(4 bytes @ 0xE000ED30)  returns 0x01 (0002ms, 52543ms total)
T17F4 11265:226 JLINK_ReadReg(R15 (PC))  returns 0x004013A8 (0000ms, 52543ms total)
T1DEC 11265:234 JLINK_ReadReg(R15 (PC))  returns 0x004013A8 (0000ms, 52543ms total)
T1DEC 11265:234 JLINK_ReadReg(R13 (SP))  returns 0x20003968 (0000ms, 52543ms total)
T1DEC 11265:311 JLINK_ReadMemHW(0x004013A8, 0x0004 Bytes, ...) -- CPU_ReadMem(4 bytes @ 0x004013A8) - Data: 80 B5 84 B0  returns 0x00 (0001ms, 52544ms total)
T1DEC 11265:344 JLINK_ReadMemHW(0x00401E28, 0x0001 Bytes, ...) -- CPU_ReadMem(1 bytes @ 0x00401E28) - Data: 90  returns 0x00 (0001ms, 52545ms total)
T1DEC 11265:385 JLINK_ReadReg(R15 (PC))  returns 0x004013A8 (0000ms, 52545ms total)
T1DEC 11265:385 JLINK_GetNumBPUnits(Type = 0xFFFFFF02)  returns 0x06 (0000ms, 52545ms total)
T1DEC 11265:385 JLINK_SetBPEx(Addr = 0x00401E28, Type = 0xFFFFFF02)  returns 0x00000001 (0000ms, 52545ms total)
T1DEC 11265:385 JLINK_GetBPInfo(BPHandle = 1)  returns 0x00 (0000ms, 52545ms total)
T1DEC 11265:385 JLINK_Go() -- CPU_ReadMem(4 bytes @ 0xE0001000) -- CPU_WriteMem(4 bytes @ 0xE0002008) -- CPU_WriteMem(4 bytes @ 0xE000200C) -- CPU_WriteMem(4 bytes @ 0xE0002010) -- CPU_WriteMem(4 bytes @ 0xE0002014) -- CPU_WriteMem(4 bytes @ 0xE0002018) -- CPU_WriteMem(4 bytes @ 0xE000201C) -- CPU_WriteMem(4 bytes @ 0xE0001004) (0005ms, 52550ms total)
T17F4 11265:390 JLINK_IsHalted()  returns FALSE (0001ms, 52551ms total)
T17F4 11265:411 JLINK_IsHalted()  returns TRUE (0004ms, 52554ms total)
T17F4 11265:415 JLINK_GetMOEs(...) -- CPU_ReadMem(4 bytes @ 0xE000ED30) -- CPU_WriteMem(4 bytes @ 0xE000ED30)  returns 0x01 (0001ms, 52551ms total)
T17F4 11265:416 JLINK_ReadReg(R15 (PC))  returns 0x00401E28 (0000ms, 52551ms total)
T17F4 11265:416 JLINK_GetBPInfo(BPHandle = 1)  returns 0x00 (0000ms, 52551ms total)
T17F4 11265:416 JLINK_ClrBPEx(BPHandle = 0x00000001)  returns 0x00 (0000ms, 52551ms total)
T1DEC 11265:420 JLINK_ReadReg(R15 (PC))  returns 0x00401E28 (0000ms, 52552ms total)
T1DEC 11265:420 JLINK_ReadReg(R13 (SP))  returns 0x20003950 (0000ms, 52552ms total)
T1DEC 11265:420 JLINK_ReadMemHW(0x00401E28, 0x0004 Bytes, ...) -- CPU_ReadMem(4 bytes @ 0x00401E28) - Data: 90 B5 87 B0  returns 0x00 (0001ms, 52553ms total)
T1DEC 11265:433 JLINK_ReadReg(R15 (PC))  returns 0x00401E28 (0000ms, 52553ms total)
T1DEC 11265:433 JLINK_Go() -- CPU_ReadMem(4 bytes @ 0xE0001000) -- CPU_WriteMem(4 bytes @ 0xE0002008) (0003ms, 52556ms total)
T17F4 11265:436 JLINK_IsHalted()  returns FALSE (0001ms, 52557ms total)
T17F4 11265:477 JLINK_IsHalted()  returns FALSE (0001ms, 52557ms total)
T17F4 11265:638 JLINK_IsHalted()  returns FALSE (0001ms, 52557ms total)
T17F4 11266:279 JLINK_IsHalted()  returns FALSE (0001ms, 52557ms total)
T17F4 11266:920 JLINK_IsHalted()  returns FALSE (0001ms, 52557ms total)
T17F4 11267:561 JLINK_IsHalted()  returns FALSE (0001ms, 52557ms total)
T17F4 11268:202 JLINK_IsHalted()  returns FALSE (0001ms, 52557ms total)
T17F4 11268:843 JLINK_IsHalted()  returns FALSE (0001ms, 52557ms total)
T17F4 11269:484 JLINK_IsHalted()  returns FALSE (0001ms, 52557ms total)
T17F4 11270:125 JLINK_IsHalted()  returns FALSE (0001ms, 52557ms total)
T17F4 11270:766 JLINK_IsHalted()  returns FALSE (0001ms, 52557ms total)
T17F4 11271:408 JLINK_IsHalted()  returns FALSE (0001ms, 52557ms total)
T17F4 11272:049 JLINK_IsHalted()  returns FALSE (0000ms, 52556ms total)
T17F4 11272:689 JLINK_IsHalted()  returns FALSE (0001ms, 52557ms total)
T17F4 11273:330 JLINK_IsHalted()  returns FALSE (0001ms, 52557ms total)
T17F4 11273:971 JLINK_IsHalted()  returns FALSE (0001ms, 52557ms total)
T17F4 11274:612 JLINK_IsHalted()  returns FALSE (0001ms, 52557ms total)
T17F4 11275:253 JLINK_IsHalted()  returns FALSE (0002ms, 52558ms total)
T17F4 11275:895 JLINK_IsHalted()  returns FALSE (0001ms, 52557ms total)
T17F4 11276:536 JLINK_IsHalted()  returns FALSE (0001ms, 52557ms total)
T17F4 11277:177 JLINK_IsHalted()  returns FALSE (0001ms, 52557ms total)
T17F4 11277:818 JLINK_IsHalted()  returns FALSE (0001ms, 52557ms total)
T17F4 11278:459 JLINK_IsHalted()  returns FALSE (0001ms, 52557ms total)
T17F4 11279:100 JLINK_IsHalted()  returns FALSE (0001ms, 52557ms total)
T17F4 11279:741 JLINK_IsHalted()  returns FALSE (0001ms, 52557ms total)
T17F4 11280:382 JLINK_IsHalted()  returns FALSE (0001ms, 52557ms total)
T17F4 11281:023 JLINK_IsHalted()  returns FALSE (0001ms, 52557ms total)
T17F4 11281:664 JLINK_IsHalted()  returns FALSE (0001ms, 52557ms total)
T17F4 11282:305 JLINK_IsHalted()  returns FALSE (0001ms, 52557ms total)
T17F4 11282:949 JLINK_IsHalted()  returns FALSE (0002ms, 52558ms total)
T17F4 11283:591 JLINK_IsHalted()  returns FALSE (0001ms, 52557ms total)
T17F4 11284:232 JLINK_IsHalted()  returns FALSE (0001ms, 52557ms total)
T17F4 11284:873 JLINK_IsHalted()  returns FALSE (0001ms, 52557ms total)
T17F4 11285:514 JLINK_IsHalted()  returns FALSE (0001ms, 52557ms total)
T17F4 11286:155 JLINK_IsHalted()  returns FALSE (0001ms, 52557ms total)
T17F4 11286:796 JLINK_IsHalted()  returns FALSE (0002ms, 52558ms total)
T17F4 11287:438 JLINK_IsHalted()  returns FALSE (0001ms, 52557ms total)
T17F4 11288:079 JLINK_IsHalted()  returns FALSE (0001ms, 52557ms total)
T17F4 11288:721 JLINK_IsHalted()  returns FALSE (0001ms, 52557ms total)
T17F4 11289:362 JLINK_IsHalted()  returns FALSE (0001ms, 52557ms total)
T17F4 11290:003 JLINK_IsHalted()  returns FALSE (0001ms, 52557ms total)
T17F4 11290:644 JLINK_IsHalted()  returns FALSE (0001ms, 52557ms total)
T17F4 11291:285 JLINK_IsHalted()  returns FALSE (0001ms, 52557ms total)
T17F4 11291:926 JLINK_IsHalted()  returns FALSE (0001ms, 52557ms total)
T17F4 11292:567 JLINK_IsHalted()  returns FALSE (0001ms, 52557ms total)
T17F4 11293:208 JLINK_IsHalted()  returns FALSE (0001ms, 52557ms total)
T17F4 11293:849 JLINK_IsHalted()  returns FALSE (0001ms, 52557ms total)
T17F4 11294:490 JLINK_IsHalted()  returns FALSE (0001ms, 52557ms total)
T17F4 11295:131 JLINK_IsHalted()  returns FALSE (0001ms, 52557ms total)
T17F4 11295:772 JLINK_IsHalted()  returns FALSE (0001ms, 52557ms total)
T17F4 11296:413 JLINK_IsHalted()  returns FALSE (0001ms, 52557ms total)
T17F4 11297:054 JLINK_IsHalted()  returns FALSE (0001ms, 52557ms total)
T17F4 11297:697 JLINK_IsHalted()  returns FALSE (0002ms, 52558ms total)
T17F4 11298:339 JLINK_IsHalted()  returns FALSE (0001ms, 52557ms total)
T17F4 11298:980 JLINK_IsHalted()  returns FALSE (0001ms, 52557ms total)
T17F4 11299:621 JLINK_IsHalted()  returns FALSE (0001ms, 52557ms total)
T17F4 11300:262 JLINK_IsHalted()  returns FALSE (0001ms, 52557ms total)
T17F4 11300:903 JLINK_IsHalted()  returns FALSE (0001ms, 52557ms total)
T17F4 11301:544 JLINK_IsHalted()  returns FALSE (0001ms, 52557ms total)
T17F4 11302:185 JLINK_IsHalted()  returns FALSE (0001ms, 52557ms total)
T17F4 11302:826 JLINK_IsHalted()  returns FALSE (0001ms, 52557ms total)
T17F4 11303:467 JLINK_IsHalted()  returns FALSE (0001ms, 52557ms total)
T17F4 11304:108 JLINK_IsHalted()  returns FALSE (0001ms, 52557ms total)
T17F4 11304:749 JLINK_IsHalted()  returns FALSE (0001ms, 52557ms total)
T17F4 11305:390 JLINK_IsHalted()  returns FALSE (0001ms, 52557ms total)
T17F4 11306:031 JLINK_IsHalted()  returns FALSE (0001ms, 52557ms total)
T17F4 11306:673 JLINK_IsHalted()  returns FALSE (0001ms, 52557ms total)
T17F4 11307:314 JLINK_IsHalted()  returns FALSE (0001ms, 52557ms total)
T17F4 11307:955 JLINK_IsHalted()  returns FALSE (0001ms, 52557ms total)
T17F4 11308:596 JLINK_IsHalted()  returns FALSE (0001ms, 52557ms total)
T17F4 11309:237 JLINK_IsHalted()  returns FALSE (0001ms, 52557ms total)
T17F4 11309:878 JLINK_IsHalted()  returns FALSE (0001ms, 52557ms total)
T17F4 11310:519 JLINK_IsHalted()  returns FALSE (0000ms, 52556ms total)
T17F4 11311:159 JLINK_IsHalted()  returns FALSE (0001ms, 52557ms total)
T17F4 11311:800 JLINK_IsHalted()  returns FALSE (0001ms, 52557ms total)
T17F4 11312:441 JLINK_IsHalted()  returns FALSE (0002ms, 52558ms total)
T17F4 11313:083 JLINK_IsHalted()  returns FALSE (0001ms, 52557ms total)
T17F4 11313:724 JLINK_IsHalted()  returns FALSE (0001ms, 52557ms total)
T17F4 11314:365 JLINK_IsHalted()  returns FALSE (0001ms, 52557ms total)
T17F4 11315:006 JLINK_IsHalted()  returns FALSE (0001ms, 52557ms total)
T17F4 11315:647 JLINK_IsHalted()  returns FALSE (0001ms, 52557ms total)
T17F4 11316:288 JLINK_IsHalted()  returns FALSE (0001ms, 52557ms total)
T17F4 11316:929 JLINK_IsHalted()  returns FALSE (0001ms, 52557ms total)
T17F4 11317:570 JLINK_IsHalted()  returns FALSE (0001ms, 52557ms total)
T17F4 11318:211 JLINK_IsHalted()  returns FALSE (0001ms, 52557ms total)
T17F4 11318:852 JLINK_IsHalted()  returns FALSE (0001ms, 52557ms total)
T17F4 11319:493 JLINK_IsHalted()  returns FALSE (0001ms, 52557ms total)
T17F4 11320:134 JLINK_IsHalted()  returns FALSE (0002ms, 52558ms total)
T17F4 11320:776 JLINK_IsHalted()  returns FALSE (0001ms, 52557ms total)
T17F4 11321:417 JLINK_IsHalted()  returns FALSE (0001ms, 52557ms total)
T17F4 11322:058 JLINK_IsHalted()  returns FALSE (0001ms, 52557ms total)
T17F4 11322:699 JLINK_IsHalted()  returns FALSE (0001ms, 52557ms total)
T17F4 11323:340 JLINK_IsHalted()  returns FALSE (0001ms, 52557ms total)
T17F4 11323:982 JLINK_IsHalted()  returns FALSE (0001ms, 52557ms total)
T17F4 11324:623 JLINK_IsHalted()  returns FALSE (0001ms, 52557ms total)
T17F4 11325:264 JLINK_IsHalted()  returns FALSE (0001ms, 52557ms total)
T17F4 11325:905 JLINK_IsHalted()  returns FALSE (0001ms, 52557ms total)
T17F4 11326:546 JLINK_IsHalted()  returns FALSE (0001ms, 52557ms total)
T17F4 11327:187 JLINK_IsHalted()  returns FALSE (0001ms, 52557ms total)
T17F4 11327:828 JLINK_IsHalted()  returns FALSE (0001ms, 52557ms total)
T17F4 11328:469 JLINK_IsHalted()  returns FALSE (0001ms, 52557ms total)
T17F4 11329:110 JLINK_IsHalted()  returns FALSE (0001ms, 52557ms total)
T17F4 11329:751 JLINK_IsHalted()  returns FALSE (0001ms, 52557ms total)
T17F4 11330:392 JLINK_IsHalted()  returns FALSE (0001ms, 52557ms total)
T17F4 11331:033 JLINK_IsHalted()  returns FALSE (0001ms, 52557ms total)
T17F4 11331:674 JLINK_IsHalted()  returns FALSE (0001ms, 52557ms total)
T17F4 11332:315 JLINK_IsHalted()  returns FALSE (0001ms, 52557ms total)
T17F4 11332:956 JLINK_IsHalted()  returns FALSE (0001ms, 52557ms total)
T17F4 11333:597 JLINK_IsHalted()  returns FALSE (0001ms, 52557ms total)
T17F4 11334:238 JLINK_IsHalted()  returns FALSE (0001ms, 52557ms total)
T17F4 11334:879 JLINK_IsHalted()  returns FALSE (0001ms, 52557ms total)
T17F4 11335:520 JLINK_IsHalted()  returns FALSE (0001ms, 52557ms total)
T17F4 11336:161 JLINK_IsHalted()  returns FALSE (0001ms, 52557ms total)
T17F4 11336:802 JLINK_IsHalted()  returns FALSE (0001ms, 52557ms total)
T17F4 11337:443 JLINK_IsHalted()  returns FALSE (0000ms, 52556ms total)
T17F4 11338:083 JLINK_IsHalted()  returns FALSE (0001ms, 52557ms total)
T17F4 11338:724 JLINK_IsHalted()  returns FALSE (0000ms, 52556ms total)
T17F4 11339:364 JLINK_IsHalted()  returns FALSE (0002ms, 52558ms total)
T17F4 11340:006 JLINK_IsHalted()  returns FALSE (0001ms, 52557ms total)
T17F4 11340:647 JLINK_IsHalted()  returns FALSE (0001ms, 52557ms total)
T17F4 11341:289 JLINK_IsHalted()  returns FALSE (0001ms, 52557ms total)
T17F4 11341:930 JLINK_IsHalted()  returns FALSE (0001ms, 52557ms total)
T17F4 11342:571 JLINK_IsHalted()  returns FALSE (0001ms, 52557ms total)
T17F4 11343:212 JLINK_IsHalted()  returns FALSE (0001ms, 52557ms total)
T17F4 11343:853 JLINK_IsHalted()  returns FALSE (0001ms, 52557ms total)
T17F4 11344:494 JLINK_IsHalted()  returns FALSE (0001ms, 52557ms total)
T17F4 11345:135 JLINK_IsHalted()  returns FALSE (0001ms, 52557ms total)
T17F4 11345:776 JLINK_IsHalted()  returns FALSE (0001ms, 52557ms total)
T17F4 11346:417 JLINK_IsHalted()  returns FALSE (0001ms, 52557ms total)
T17F4 11347:058 JLINK_IsHalted()  returns FALSE (0002ms, 52558ms total)
T17F4 11347:700 JLINK_IsHalted()  returns FALSE (0001ms, 52557ms total)
T17F4 11348:341 JLINK_IsHalted()  returns FALSE (0001ms, 52557ms total)
T17F4 11348:982 JLINK_IsHalted()  returns FALSE (0001ms, 52557ms total)
T17F4 11349:623 JLINK_IsHalted()  returns FALSE (0001ms, 52557ms total)
T17F4 11350:264 JLINK_IsHalted()  returns FALSE (0001ms, 52557ms total)
T17F4 11350:905 JLINK_IsHalted()  returns FALSE (0001ms, 52557ms total)
T17F4 11351:546 JLINK_IsHalted()  returns FALSE (0001ms, 52557ms total)
T17F4 11352:187 JLINK_IsHalted()  returns FALSE (0001ms, 52557ms total)
T17F4 11352:828 JLINK_IsHalted()  returns FALSE (0000ms, 52556ms total)
T17F4 11353:468 JLINK_IsHalted()  returns FALSE (0001ms, 52557ms total)
T17F4 11354:109 JLINK_IsHalted()  returns FALSE (0001ms, 52557ms total)
T17F4 11354:750 JLINK_IsHalted()  returns FALSE (0001ms, 52557ms total)
T17F4 11355:391 JLINK_IsHalted()  returns FALSE (0001ms, 52557ms total)
T17F4 11356:032 JLINK_IsHalted()  returns FALSE (0001ms, 52557ms total)
T17F4 11356:673 JLINK_IsHalted()  returns FALSE (0001ms, 52557ms total)
T17F4 11357:314 JLINK_IsHalted()  returns FALSE (0001ms, 52557ms total)
T17F4 11357:955 JLINK_IsHalted()  returns FALSE (0001ms, 52557ms total)
T17F4 11358:596 JLINK_IsHalted()  returns FALSE (0001ms, 52557ms total)
T17F4 11359:238 JLINK_IsHalted()  returns FALSE (0001ms, 52557ms total)
T17F4 11359:879 JLINK_IsHalted()  returns FALSE (0007ms, 52563ms total)
T17F4 11360:526 JLINK_IsHalted()  returns FALSE (0001ms, 52557ms total)
T17F4 11361:167 JLINK_IsHalted()  returns FALSE (0001ms, 52557ms total)
T17F4 11361:808 JLINK_IsHalted()  returns FALSE (0001ms, 52557ms total)
T17F4 11362:449 JLINK_IsHalted()  returns FALSE (0001ms, 52557ms total)
T17F4 11363:090 JLINK_IsHalted()  returns FALSE (0001ms, 52557ms total)
T17F4 11363:731 JLINK_IsHalted()  returns FALSE (0001ms, 52557ms total)
T17F4 11364:372 JLINK_IsHalted()  returns FALSE (0001ms, 52557ms total)
T17F4 11365:013 JLINK_IsHalted()  returns FALSE (0001ms, 52557ms total)
T17F4 11365:654 JLINK_IsHalted()  returns FALSE (0000ms, 52556ms total)
T17F4 11366:294 JLINK_IsHalted()  returns FALSE (0001ms, 52557ms total)
T17F4 11366:935 JLINK_IsHalted()  returns FALSE (0001ms, 52557ms total)
T17F4 11367:576 JLINK_IsHalted()  returns FALSE (0001ms, 52557ms total)
T17F4 11368:217 JLINK_IsHalted()  returns FALSE (0001ms, 52557ms total)
T17F4 11368:858 JLINK_IsHalted()  returns FALSE (0001ms, 52557ms total)
T17F4 11369:499 JLINK_IsHalted()  returns FALSE (0001ms, 52557ms total)
T17F4 11370:140 JLINK_IsHalted()  returns FALSE (0001ms, 52557ms total)
T17F4 11370:781 JLINK_IsHalted()  returns FALSE (0000ms, 52556ms total)
T1DEC 11370:976 JLINK_Halt()  returns 0x00 (0004ms, 52560ms total)
T17F4 11371:421 JLINK_IsHalted()  returns TRUE (0001ms, 52561ms total)
T17F4 11371:422 JLINK_GetMOEs(...) -- CPU_ReadMem(4 bytes @ 0xE000ED30) -- CPU_WriteMem(4 bytes @ 0xE000ED30)  returns 0x01 (0002ms, 52562ms total)
T17F4 11371:424 JLINK_ReadReg(R15 (PC))  returns 0x00401E70 (0000ms, 52562ms total)
T1E0C 11371:426 JLINK_ResetPullsRESET(ON) (0000ms, 52562ms total)
T1E0C 11371:426 JLINK_ResetNoHalt() >0x2F8 JTAG>TotalIRLen = 4, IRPrint = 0x01 >0x30 JTAG> >0x210 JTAG> >0x70 JTAG> >0x40 JTAG> >0x40 JTAG> >0x40 JTAG> >0x48 JTAG> >0x78 JTAG> >0x40 JTAG> >0x30 JTAG> >0x40 JTAG> >0x40 JTAG> >0x30 JTAG> >0x40 JTAG> >0x48 JTAG>Found Cortex-M4 r0p1, Little endian. -- CPU_WriteMem(4 bytes @ 0xE0002000) -- CPU_ReadMem(4 bytes @ 0xE000EDF0) -- CPU_ReadMem(4 bytes @ 0xE0002000)FPUnit: 6 code (BP) slots and 2 literal slots -- CPU_ReadMem(4 bytes @ 0xE000EDFC)
 -- CPU_ReadMem(4 bytes @ 0xE0001000) -- CPU_ReadMem(4 bytes @ 0xE000ED88) -- CPU_WriteMem(4 bytes @ 0xE000ED88) -- CPU_ReadMem(4 bytes @ 0xE000ED88) -- CPU_WriteMem(4 bytes @ 0xE000ED88)CoreSight components:ROMTbl 0 @ E00FF000 -- CPU_ReadMem(16 bytes @ 0xE00FF000) -- CPU_ReadMem(16 bytes @ 0xE000EFF0) -- CPU_ReadMem(16 bytes @ 0xE000EFE0)ROMTbl 0 [0]: FFF0F000, CID: B105E00D, PID: 000BB000 SCS -- CPU_WriteMem(4 bytes @ 0xE0001000) -- CPU_ReadMem(16 bytes @ 0xE0001FF0)
 -- CPU_ReadMem(16 bytes @ 0xE0001FE0)ROMTbl 0 [1]: FFF02000, CID: B105E00D, PID: 003BB002 DWT -- CPU_ReadMem(16 bytes @ 0xE0002FF0) -- CPU_ReadMem(16 bytes @ 0xE0002FE0)ROMTbl 0 [2]: FFF03000, CID: B105E00D, PID: 002BB003 FPB -- CPU_ReadMem(16 bytes @ 0xE0000FF0) -- CPU_ReadMem(16 bytes @ 0xE0000FE0)ROMTbl 0 [3]: FFF01000, CID: B105E00D, PID: 003BB001 ITM -- CPU_ReadMem(16 bytes @ 0xE00FF010) -- CPU_ReadMem(16 bytes @ 0xE0040FF0) -- CPU_ReadMem(16 bytes @ 0xE0040FE0)
ROMTbl 0 [4]: FFF41000, CID: B105900D, PID: 000BB9A1 TPIU
                JLINK_Reset() -- CPU_ReadMem(16 bytes @ 0x20000000) -- CPU_WriteMem(16 bytes @ 0x20000000) -- CPU_ReadMem(4 bytes @ 0xE000EDFC) -- CPU_WriteMem(4 bytes @ 0xE000EDFC) -- CPU_ReadMem(4 bytes @ 0xE0001000) -- CPU_WriteMem(4 bytes @ 0xE000EDFC) -- CPU_WriteMem(16 bytes @ 0x20000000) -- CPU_WriteMem(4 bytes @ 0xE0002000) -- CPU_ReadMem(4 bytes @ 0xE000EDFC) -- CPU_ReadMem(4 bytes @ 0xE0001000) (0028ms, 0028ms total)
                JLINK_Go() -- CPU_ReadMem(4 bytes @ 0xE0001000) -- CPU_WriteMem(4 bytes @ 0xE0002008) -- CPU_WriteMem(4 bytes @ 0xE000200C) -- CPU_WriteMem(4 bytes @ 0xE0002010) -- CPU_WriteMem(4 bytes @ 0xE0002014) -- CPU_WriteMem(4 bytes @ 0xE0002018) -- CPU_WriteMem(4 bytes @ 0xE000201C) -- CPU_WriteMem(4 bytes @ 0xE0001004) (0004ms, 0032ms total)
               (0065ms, 52627ms total)
T1E0C 11371:497 JLINK_Close() -- CPU is running -- CPU_WriteMem(4 bytes @ 0xE0002008) -- CPU is running -- CPU_WriteMem(4 bytes @ 0xE000200C) -- CPU is running -- CPU_WriteMem(4 bytes @ 0xE0002010) -- CPU is running -- CPU_WriteMem(4 bytes @ 0xE0002014) -- CPU is running -- CPU_WriteMem(4 bytes @ 0xE0002018) -- CPU is running -- CPU_WriteMem(4 bytes @ 0xE000201C) >0x78 JTAG> >0x08 JTAG> (0008ms, 52635ms total)
T1E0C 11371:497  (0008ms, 52635ms total)
T1E0C 11371:497 Closed (0008ms, 52635ms total)
